<?xml version="1.0" encoding="UTF-8"?>
<testsuite xmlns:xsi="http://www.w3.org/2001/XMLSchema-instance" xsi:noNamespaceSchemaLocation="https://maven.apache.org/surefire/maven-surefire-plugin/xsd/surefire-test-report-3.0.xsd" version="3.0" name="prog.HzippingTest" time="0.013" tests="7" errors="0" skipped="0" failures="0">
  <properties>
[...]
</properties>
  <testcase name="testMultipleCharacterFile" classname="prog.HzippingTest" time="0.005">
    <system-out><![CDATA[End of File
End of File
extrabits: 4
End of File
output file's size: 154
]]></system-out>
  </testcase>
  <testcase name="testTreeConstruction" classname="prog.HzippingTest" time="0.001">
    <system-out><![CDATA[End of File
]]></system-out>
  </testcase>
  <testcase name="testSingleCharacterFile" classname="prog.HzippingTest" time="0.001">
    <system-out><![CDATA[End of File
End of File
extrabits: 4
End of File
output file's size: 14
]]></system-out>
  </testcase>
  <testcase name="testEmptyFile" classname="prog.HzippingTest" time="0.002">
    <system-out><![CDATA[End of File
End of File
extrabits: 0
End of File
output file's size: 8
]]></system-out>
  </testcase>
  <testcase name="testByteConversion" classname="prog.HzippingTest" time="0.0"/>
  <testcase name="testInitialization" classname="prog.HzippingTest" time="0.001"/>
  <testcase name="testFrequencyCalculation" classname="prog.HzippingTest" time="0.001">
    <system-out><![CDATA[End of File
]]></system-out>
  </testcase>
</testsuite>